<?xml version="1.0" encoding="UTF-8"?>
<!-- Generated by org.testng.reporters.JUnitXMLReporter -->
<testsuite ignored="0" hostname="Jagdamba" failures="0" tests="4" name="Test" time="15.029" errors="0" timestamp="2023-03-28T12:50:37 IST">
  <testcase classname="testPackage.BaseClass1" name="@BeforeTest beforeTest" time="4.342">
    <failure type="org.openqa.selenium.WebDriverException" message="unknown error: cannot determine loading status
from disconnected: received Inspector.detached event
  (Session info: chrome=111.0.5563.111)
Build info: version: &amp;apos;4.7.0&amp;apos;, revision: &amp;apos;0a5b49d16f&amp;apos;
System info: os.name: &amp;apos;Windows 10&amp;apos;, os.arch: &amp;apos;amd64&amp;apos;, os.version: &amp;apos;10.0&amp;apos;, java.version: &amp;apos;19.0.2&amp;apos;
Driver info: org.openqa.selenium.chrome.ChromeDriver
Command: [1e9c42b65e1f8b3801b32d4ad235608a, get {url=https://www.amazon.in/}]
Capabilities {acceptInsecureCerts: false, browserName: chrome, browserVersion: 111.0.5563.111, chrome: {chromedriverVersion: 111.0.5563.64 (c710e93d5b63..., userDataDir: C:\Users\MYWORL~1\AppData\L...}, goog:chromeOptions: {debuggerAddress: localhost:62711}, networkConnectionEnabled: false, pageLoadStrategy: normal, platformName: WINDOWS, proxy: Proxy(), se:cdp: ws://localhost:62711/devtoo..., se:cdpVersion: 111.0.5563.111, setWindowRect: true, strictFileInteractability: false, timeouts: {implicit: 0, pageLoad: 300000, script: 30000}, unhandledPromptBehavior: dismiss and notify, webauthn:extension:credBlob: true, webauthn:extension:largeBlob: true, webauthn:extension:minPinLength: true, webauthn:extension:prf: true, webauthn:virtualAuthenticators: true}
Session ID: 1e9c42b65e1f8b3801b32d4ad235608a">
      <![CDATA[org.openqa.selenium.WebDriverException: unknown error: cannot determine loading status
from disconnected: received Inspector.detached event
  (Session info: chrome=111.0.5563.111)
Build info: version: '4.7.0', revision: '0a5b49d16f'
System info: os.name: 'Windows 10', os.arch: 'amd64', os.version: '10.0', java.version: '19.0.2'
Driver info: org.openqa.selenium.chrome.ChromeDriver
Command: [1e9c42b65e1f8b3801b32d4ad235608a, get {url=https://www.amazon.in/}]
Capabilities {acceptInsecureCerts: false, browserName: chrome, browserVersion: 111.0.5563.111, chrome: {chromedriverVersion: 111.0.5563.64 (c710e93d5b63..., userDataDir: C:\Users\MYWORL~1\AppData\L...}, goog:chromeOptions: {debuggerAddress: localhost:62711}, networkConnectionEnabled: false, pageLoadStrategy: normal, platformName: WINDOWS, proxy: Proxy(), se:cdp: ws://localhost:62711/devtoo..., se:cdpVersion: 111.0.5563.111, setWindowRect: true, strictFileInteractability: false, timeouts: {implicit: 0, pageLoad: 300000, script: 30000}, unhandledPromptBehavior: dismiss and notify, webauthn:extension:credBlob: true, webauthn:extension:largeBlob: true, webauthn:extension:minPinLength: true, webauthn:extension:prf: true, webauthn:virtualAuthenticators: true}
Session ID: 1e9c42b65e1f8b3801b32d4ad235608a
at org.openqa.selenium.remote.codec.w3c.W3CHttpResponseCodec.createException(W3CHttpResponseCodec.java:200)
at org.openqa.selenium.remote.codec.w3c.W3CHttpResponseCodec.decode(W3CHttpResponseCodec.java:133)
at org.openqa.selenium.remote.codec.w3c.W3CHttpResponseCodec.decode(W3CHttpResponseCodec.java:53)
at org.openqa.selenium.remote.HttpCommandExecutor.execute(HttpCommandExecutor.java:184)
at org.openqa.selenium.remote.service.DriverCommandExecutor.invokeExecute(DriverCommandExecutor.java:167)
at org.openqa.selenium.remote.service.DriverCommandExecutor.execute(DriverCommandExecutor.java:142)
at org.openqa.selenium.remote.RemoteWebDriver.execute(RemoteWebDriver.java:541)
at org.openqa.selenium.remote.RemoteWebDriver.get(RemoteWebDriver.java:310)
at testUtility.StaticBrowser.openBrowser(StaticBrowser.java:27)
at testPackage.BaseClass1.beforeTest(BaseClass1.java:19)
... Removed 25 stack frames]]>
    </failure>
  </testcase> <!-- @BeforeTest beforeTest -->
  <testcase classname="testPackage.TestAmazonTabs" name="@BeforeClass beforeclass" time="-1.679988037289E9">
    <skipped/>
  </testcase> <!-- @BeforeClass beforeclass -->
  <testcase classname="testPackage.TestAmazonTabs" name="@BeforeMethod beforeMethod" time="-1.67998803734E9">
    <skipped/>
  </testcase> <!-- @BeforeMethod beforeMethod -->
  <testcase classname="testPackage.BaseClass" name="@AfterMethod aftermethod" time="-1.679988037372E9">
    <skipped/>
  </testcase> <!-- @AfterMethod aftermethod -->
  <testcase classname="testPackage.TestAmazonTabs" name="@BeforeMethod beforeMethod" time="-1.679988037409E9">
    <skipped/>
  </testcase> <!-- @BeforeMethod beforeMethod -->
  <testcase classname="testPackage.BaseClass" name="@AfterMethod aftermethod" time="-1.679988037454E9">
    <skipped/>
  </testcase> <!-- @AfterMethod aftermethod -->
  <testcase classname="testPackage.TestAmazonTabs" name="@BeforeMethod beforeMethod" time="-1.679988037469E9">
    <skipped/>
  </testcase> <!-- @BeforeMethod beforeMethod -->
  <testcase classname="testPackage.BaseClass" name="@AfterMethod aftermethod" time="-1.679988037496E9">
    <skipped/>
  </testcase> <!-- @AfterMethod aftermethod -->
  <testcase classname="testPackage.TestAmazonTabs" name="@BeforeMethod beforeMethod" time="-1.679988037505E9">
    <skipped/>
  </testcase> <!-- @BeforeMethod beforeMethod -->
  <testcase classname="testPackage.BaseClass" name="@AfterMethod aftermethod" time="-1.679988037554E9">
    <skipped/>
  </testcase> <!-- @AfterMethod aftermethod -->
  <testcase classname="testPackage.BaseClass" name="@AfterTest aftertest" time="-1.679988037564E9">
    <skipped/>
  </testcase> <!-- @AfterTest aftertest -->
  <testcase classname="testPackage.BaseClass1" name="@AfterTest afterTest" time="-1.679988037574E9">
    <skipped/>
  </testcase> <!-- @AfterTest afterTest -->
  <testcase classname="testPackage.TestAmazonTabs" name="searchbox" time="0.0">
    <skipped/>
  </testcase> <!-- searchbox -->
  <testcase classname="testPackage.TestAmazonTabs" name="product" time="0.0">
    <skipped/>
  </testcase> <!-- product -->
  <testcase classname="testPackage.TestAmazonTabs" name="cartb" time="0.0">
    <skipped/>
  </testcase> <!-- cartb -->
  <testcase classname="testPackage.TestAmazonTabs" name="cros" time="0.0">
    <skipped/>
  </testcase> <!-- cros -->
</testsuite> <!-- Test -->
