<?xml version="1.0" encoding="UTF-8"?>
<!-- Generated by org.testng.reporters.JUnitXMLReporter -->
<testsuite ignored="2" hostname="Jagdamba" failures="0" tests="11" name="Test1" time="18.585" errors="0" timestamp="2023-03-28T13:01:27 IST">
  <testcase classname="testPackage.TestNinja" name="checkmyaccount" time="0.572"/>
  <testcase classname="testPackage.TestNinja" name="register" time="1.017"/>
  <testcase classname="testPackage.TestNinja" name="elementweb" time="0.199"/>
  <testcase classname="testPackage.TestNinja" name="firstname" time="2.314"/>
  <testcase classname="testPackage.TestNinja" name="emailbox" time="0.419"/>
  <testcase classname="testPackage.TestNinja" name="verifytelephone" time="0.341"/>
  <testcase classname="testPackage.TestNinja" name="passverify" time="0.383"/>
  <testcase classname="testPackage.TestNinja" name="confpass" time="0.397"/>
  <testcase classname="testPackage.TestNinja" name="checkboxyes" time="0.059"/>
  <testcase classname="testPackage.TestNinja" name="checkboxno" time="0.059"/>
  <testcase classname="testPackage.TestNinja" name="policybox" time="0.184"/>
  <testcase classname="testPackage.BaseClass" name="@AfterTest aftertest" time="0.0">
    <ignored/>
  </testcase> <!-- @AfterTest aftertest -->
  <testcase classname="testPackage.BaseClass" name="@BeforeTest beforetest" time="0.0">
    <ignored/>
  </testcase> <!-- @BeforeTest beforetest -->
</testsuite> <!-- Test1 -->
